[debug] [2022-01-22T10:12:08.893Z] ----------------------------------------------------------------------
[debug] [2022-01-22T10:12:08.894Z] Command:       C:\Program Files\nodejs\node.exe C:\Users\jhun1\AppData\Roaming\npm\node_modules\firebase-tools\lib\bin\firebase.js init
[debug] [2022-01-22T10:12:08.894Z] CLI Version:   10.1.2
[debug] [2022-01-22T10:12:08.894Z] Platform:      win32
[debug] [2022-01-22T10:12:08.894Z] Node Version:  v16.13.1
[debug] [2022-01-22T10:12:08.895Z] Time:          Sat Jan 22 2022 19:12:08 GMT+0900 (Korean Standard Time)
[debug] [2022-01-22T10:12:08.895Z] ----------------------------------------------------------------------
[debug] 
[debug] [2022-01-22T10:12:08.901Z] > command requires scopes: ["email","openid","https://www.googleapis.com/auth/cloudplatformprojects.readonly","https://www.googleapis.com/auth/firebase","https://www.googleapis.com/auth/cloud-platform"]
[debug] [2022-01-22T10:12:08.902Z] > authorizing via signed-in user (ztggggg@gmail.com)
[info] 
     ######## #### ########  ######## ########     ###     ######  ########
     ##        ##  ##     ## ##       ##     ##  ##   ##  ##       ##
     ######    ##  ########  ######   ########  #########  ######  ######
     ##        ##  ##    ##  ##       ##     ## ##     ##       ## ##
     ##       #### ##     ## ######## ########  ##     ##  ######  ########

You're about to initialize a Firebase project in this directory:

  C:\Users\jhun1\Dropbox\[4-1]window_git\Netflix-clone\netflix-clone

[info] 
=== Project Setup
[info] 
[info] First, let's associate this project directory with a Firebase project.
[info] You can create multiple project aliases by running firebase use --add, 
[info] but for now we'll just set up a default project.
[info] 
[debug] [2022-01-22T10:12:23.573Z] >>> [apiv2][query] GET https://firebase.googleapis.com/v1beta1/projects pageSize=100
[debug] [2022-01-22T10:12:24.320Z] <<< [apiv2][status] GET https://firebase.googleapis.com/v1beta1/projects 200
[debug] [2022-01-22T10:12:24.320Z] <<< [apiv2][body] GET https://firebase.googleapis.com/v1beta1/projects [omitted]
[info] i  Using project netflix-clone-huni (netflix-clone huni) 
[info] 
=== Hosting Setup
[info] 
[info] Your public directory is the folder (relative to your project directory) that
[info] will contain Hosting assets to be uploaded with firebase deploy. If you
[info] have a build process for your assets, use your build's output directory.
[info] 
[debug] [2022-01-22T10:13:20.012Z] >>> [apiv2][query] GET https://www.gstatic.com/firebasejs/releases.json [none]
[debug] [2022-01-22T10:13:20.233Z] <<< [apiv2][status] GET https://www.gstatic.com/firebasejs/releases.json 200
[debug] [2022-01-22T10:13:20.233Z] <<< [apiv2][body] GET https://www.gstatic.com/firebasejs/releases.json {"current":{"version":"9.6.4","browserURL":"https://www.gstatic.com/firebasejs/9.6.4/firebase.js","packageURL":"https://www.gstatic.com/firebasejs/9.6.4/firebase.tgz"},"live":{"version":"9.6","browserURL":"https://www.gstatic.com/firebasejs/live/9.6/firebase.js","packageURL":"https://www.gstatic.com/firebasejs/live/9.6/firebase.tgz"},"components":{"analytics":"https://www.gstatic.com/firebasejs/9.6.4/firebase-analytics.js","app":"https://www.gstatic.com/firebasejs/9.6.4/firebase-app.js","app-check":"https://www.gstatic.com/firebasejs/9.6.4/firebase-app-check.js","auth":"https://www.gstatic.com/firebasejs/9.6.4/firebase-auth.js","auth/cordova":"https://www.gstatic.com/firebasejs/9.6.4/firebase-auth/cordova.js","auth/react-native":"https://www.gstatic.com/firebasejs/9.6.4/firebase-auth/react-native.js","functions":"https://www.gstatic.com/firebasejs/9.6.4/firebase-functions.js","firestore":"https://www.gstatic.com/firebasejs/9.6.4/firebase-firestore.js","firestore/lite":"https://www.gstatic.com/firebasejs/9.6.4/firebase-firestore/lite.js","storage":"https://www.gstatic.com/firebasejs/9.6.4/firebase-storage.js","performance":"https://www.gstatic.com/firebasejs/9.6.4/firebase-performance.js","remote-config":"https://www.gstatic.com/firebasejs/9.6.4/firebase-remote-config.js","messaging":"https://www.gstatic.com/firebasejs/9.6.4/firebase-messaging.js","messaging/sw":"https://www.gstatic.com/firebasejs/9.6.4/firebase-messaging/sw.js","database":"https://www.gstatic.com/firebasejs/9.6.4/firebase-database.js","firestore.memory":"https://www.gstatic.com/firebasejs/9.6.4/firebase-firestore.memory.js"}}
[info] +  Wrote build/index.html 
[info] 
[info] i  Detected a .git folder at C:\Users\jhun1\Dropbox\[4-1]window_git\Netflix-clone\netflix-clone 
[info] i  Authorizing with GitHub to upload your service account to a GitHub repository's secrets store. 
[info] 
[info] Visit this URL on this device to log in:
[info] https://github.com/login/oauth/authorize?client_id=89cf50f02ac6aaed3484&state=713071850&redirect_uri=http%3A%2F%2Flocalhost%3A9005&scope=read%3Auser%20repo%20public_repo
[info] 
[info] Waiting for authentication...
